<?xml version="1.0" encoding="UTF-8"?>
<testsuite xmlns:xsi="http://www.w3.org/2001/XMLSchema-instance" xsi:noNamespaceSchemaLocation="https://maven.apache.org/surefire/maven-surefire-plugin/xsd/surefire-test-report.xsd" version="3.0.2" name="com.thiagoferreira.foodbackend2cleanarch.cardapio.infra.controller.ItemCardapioControllerIntegrationTest" time="12.979" tests="6" errors="0" skipped="0" failures="0">
  <properties>
[...]
</properties>
  <testcase name="deveBuscarItemPorId" classname="com.thiagoferreira.foodbackend2cleanarch.cardapio.infra.controller.ItemCardapioControllerIntegrationTest" time="1.094">
    <system-out><![CDATA[2026-03-18T19:30:56.302-03:00  INFO 65859 --- [food-backend2-clean-arch] [           main] t.c.s.AnnotationConfigContextLoaderUtils : Could not detect default configuration classes for test class [com.thiagoferreira.foodbackend2cleanarch.cardapio.infra.controller.ItemCardapioControllerIntegrationTest]: ItemCardapioControllerIntegrationTest does not declare any static, non-private, non-final, nested classes annotated with @Configuration.
2026-03-18T19:30:56.321-03:00  INFO 65859 --- [food-backend2-clean-arch] [           main] .b.t.c.SpringBootTestContextBootstrapper : Found @SpringBootConfiguration com.thiagoferreira.foodbackend2cleanarch.FoodBackend2CleanArchApplication for test class com.thiagoferreira.foodbackend2cleanarch.cardapio.infra.controller.ItemCardapioControllerIntegrationTest
2026-03-18T19:30:56.358-03:00  INFO 65859 --- [food-backend2-clean-arch] [           main] org.testcontainers.images.PullPolicy     : Image pull policy will be performed by: DefaultPullPolicy()
2026-03-18T19:30:56.362-03:00  INFO 65859 --- [food-backend2-clean-arch] [           main] o.t.utility.ImageNameSubstitutor         : Image name substitution will be performed by: DefaultImageNameSubstitutor (composite of 'ConfigurationFileImageNameSubstitutor' and 'PrefixingImageNameSubstitutor')
2026-03-18T19:30:56.370-03:00  INFO 65859 --- [food-backend2-clean-arch] [           main] org.testcontainers.DockerClientFactory   : Testcontainers version: 1.21.4
2026-03-18T19:30:56.576-03:00  INFO 65859 --- [food-backend2-clean-arch] [           main] o.t.d.DockerClientProviderStrategy       : Loaded org.testcontainers.dockerclient.UnixSocketClientProviderStrategy from ~/.testcontainers.properties, will try it first
2026-03-18T19:30:56.792-03:00  INFO 65859 --- [food-backend2-clean-arch] [           main] o.t.d.DockerClientProviderStrategy       : Found Docker environment with local Unix socket (unix:///var/run/docker.sock)
2026-03-18T19:30:56.793-03:00  INFO 65859 --- [food-backend2-clean-arch] [           main] org.testcontainers.DockerClientFactory   : Docker host IP address is localhost
2026-03-18T19:30:56.807-03:00  INFO 65859 --- [food-backend2-clean-arch] [           main] org.testcontainers.DockerClientFactory   : Connected to docker: 
  Server Version: 29.1.5
  API Version: 1.52
  Operating System: Docker Desktop
  Total Memory: 7836 MB
  Labels: 
    com.docker.desktop.address=unix:///Users/thiagoferreira/Library/Containers/com.docker.docker/Data/docker-cli.sock
2026-03-18T19:30:56.923-03:00  INFO 65859 --- [food-backend2-clean-arch] [           main] tc.testcontainers/ryuk:0.12.0            : Creating container for image: testcontainers/ryuk:0.12.0
2026-03-18T19:30:57.033-03:00  INFO 65859 --- [food-backend2-clean-arch] [           main] o.t.utility.RegistryAuthLocator          : Credential helper/store (docker-credential-desktop) does not have credentials for https://index.docker.io/v1/
2026-03-18T19:30:57.132-03:00  INFO 65859 --- [food-backend2-clean-arch] [           main] tc.testcontainers/ryuk:0.12.0            : Container testcontainers/ryuk:0.12.0 is starting: 9e08544451b03865003d5e136628920ffd306d3f5d91a3cf7820b1f35e6d29c4
2026-03-18T19:30:57.362-03:00  INFO 65859 --- [food-backend2-clean-arch] [           main] tc.testcontainers/ryuk:0.12.0            : Container testcontainers/ryuk:0.12.0 started in PT0.439161S
2026-03-18T19:30:57.367-03:00  INFO 65859 --- [food-backend2-clean-arch] [           main] o.t.utility.RyukResourceReaper           : Ryuk started - will monitor and terminate Testcontainers containers on JVM exit
2026-03-18T19:30:57.367-03:00  INFO 65859 --- [food-backend2-clean-arch] [           main] org.testcontainers.DockerClientFactory   : Checking the system...
2026-03-18T19:30:57.368-03:00  INFO 65859 --- [food-backend2-clean-arch] [           main] org.testcontainers.DockerClientFactory   : ✔︎ Docker server version should be at least 1.6.0
2026-03-18T19:30:57.370-03:00  INFO 65859 --- [food-backend2-clean-arch] [           main] tc.mysql:8.0                             : Creating container for image: mysql:8.0
2026-03-18T19:30:57.488-03:00  INFO 65859 --- [food-backend2-clean-arch] [           main] tc.mysql:8.0                             : Container mysql:8.0 is starting: f59f946e5c410b8eb7ed3d6d29007ac34a3b00d034f91be5d576eab70785365d
2026-03-18T19:30:57.828-03:00  INFO 65859 --- [food-backend2-clean-arch] [           main] tc.mysql:8.0                             : Waiting for database connection to become available at jdbc:mysql://localhost:61146/tech_challenge_test using query 'SELECT 1'
2026-03-18T19:31:04.926-03:00  INFO 65859 --- [food-backend2-clean-arch] [           main] tc.mysql:8.0                             : Container mysql:8.0 started in PT7.555278S
2026-03-18T19:31:04.926-03:00  INFO 65859 --- [food-backend2-clean-arch] [           main] tc.mysql:8.0                             : Container is started (JDBC URL: jdbc:mysql://localhost:61146/tech_challenge_test)

  .   ____          _            __ _ _
 /\\ / ___'_ __ _ _(_)_ __  __ _ \ \ \ \
( ( )\___ | '_ | '_| | '_ \/ _` | \ \ \ \
 \\/  ___)| |_)| | | | | || (_| |  ) ) ) )
  '  |____| .__|_| |_|_| |_\__, | / / / /
 =========|_|==============|___/=/_/_/_/

 :: Spring Boot ::               (v3.5.11)

2026-03-18T19:31:04.956-03:00  INFO 65859 --- [food-backend2-clean-arch] [           main] .c.ItemCardapioControllerIntegrationTest : Starting ItemCardapioControllerIntegrationTest using Java 21.0.7 with PID 65859 (started by thiagoferreira in /Users/thiagoferreira/Documents/FIAP/Fase 2/projeto/Food Backend2 - Clean Arch)
2026-03-18T19:31:04.957-03:00  INFO 65859 --- [food-backend2-clean-arch] [           main] .c.ItemCardapioControllerIntegrationTest : No active profile set, falling back to 1 default profile: "default"
2026-03-18T19:31:05.257-03:00  INFO 65859 --- [food-backend2-clean-arch] [           main] .s.d.r.c.RepositoryConfigurationDelegate : Bootstrapping Spring Data JPA repositories in DEFAULT mode.
2026-03-18T19:31:05.300-03:00  INFO 65859 --- [food-backend2-clean-arch] [           main] .s.d.r.c.RepositoryConfigurationDelegate : Finished Spring Data repository scanning in 33 ms. Found 4 JPA repository interfaces.
2026-03-18T19:31:05.573-03:00  INFO 65859 --- [food-backend2-clean-arch] [           main] o.s.b.w.embedded.tomcat.TomcatWebServer  : Tomcat initialized with port 0 (http)
2026-03-18T19:31:05.582-03:00  INFO 65859 --- [food-backend2-clean-arch] [           main] o.apache.catalina.core.StandardService   : Starting service [Tomcat]
2026-03-18T19:31:05.583-03:00  INFO 65859 --- [food-backend2-clean-arch] [           main] o.apache.catalina.core.StandardEngine    : Starting Servlet engine: [Apache Tomcat/10.1.52]
2026-03-18T19:31:05.609-03:00  INFO 65859 --- [food-backend2-clean-arch] [           main] o.a.c.c.C.[Tomcat].[localhost].[/]       : Initializing Spring embedded WebApplicationContext
2026-03-18T19:31:05.609-03:00  INFO 65859 --- [food-backend2-clean-arch] [           main] w.s.c.ServletWebServerApplicationContext : Root WebApplicationContext: initialization completed in 651 ms
2026-03-18T19:31:05.712-03:00  INFO 65859 --- [food-backend2-clean-arch] [           main] com.zaxxer.hikari.HikariDataSource       : HikariPool-1 - Starting...
2026-03-18T19:31:05.810-03:00  INFO 65859 --- [food-backend2-clean-arch] [           main] com.zaxxer.hikari.pool.HikariPool        : HikariPool-1 - Added connection com.mysql.cj.jdbc.ConnectionImpl@62baa21d
2026-03-18T19:31:05.811-03:00  INFO 65859 --- [food-backend2-clean-arch] [           main] com.zaxxer.hikari.HikariDataSource       : HikariPool-1 - Start completed.
2026-03-18T19:31:05.842-03:00  INFO 65859 --- [food-backend2-clean-arch] [           main] org.flywaydb.core.FlywayExecutor         : Database: jdbc:mysql://localhost:61146/tech_challenge_test (MySQL 8.0)
2026-03-18T19:31:06.118-03:00  INFO 65859 --- [food-backend2-clean-arch] [           main] o.f.c.i.s.JdbcTableSchemaHistory         : Schema history table `tech_challenge_test`.`flyway_schema_history` does not exist yet
2026-03-18T19:31:06.121-03:00  INFO 65859 --- [food-backend2-clean-arch] [           main] o.f.core.internal.command.DbValidate     : Successfully validated 4 migrations (execution time 00:00.013s)
2026-03-18T19:31:06.139-03:00  INFO 65859 --- [food-backend2-clean-arch] [           main] org.flywaydb.core.Flyway                 : All configured schemas are empty; baseline operation skipped. A baseline or migration script with a lower version than the baseline version may execute if available. Check the Schemas parameter if this is not intended.
2026-03-18T19:31:06.143-03:00  INFO 65859 --- [food-backend2-clean-arch] [           main] o.f.c.i.s.JdbcTableSchemaHistory         : Creating Schema History table `tech_challenge_test`.`flyway_schema_history` ...
2026-03-18T19:31:06.181-03:00  INFO 65859 --- [food-backend2-clean-arch] [           main] o.f.core.internal.command.DbMigrate      : Current version of schema `tech_challenge_test`: << Empty Schema >>
2026-03-18T19:31:06.185-03:00  INFO 65859 --- [food-backend2-clean-arch] [           main] o.f.core.internal.command.DbMigrate      : Migrating schema `tech_challenge_test` to version "1 - create table restaurantes"
2026-03-18T19:31:06.218-03:00  INFO 65859 --- [food-backend2-clean-arch] [           main] o.f.core.internal.command.DbMigrate      : Migrating schema `tech_challenge_test` to version "2 - create table tipos usuario"
2026-03-18T19:31:06.239-03:00  INFO 65859 --- [food-backend2-clean-arch] [           main] o.f.core.internal.command.DbMigrate      : Migrating schema `tech_challenge_test` to version "3 - create table usuarios"
2026-03-18T19:31:06.265-03:00  INFO 65859 --- [food-backend2-clean-arch] [           main] o.f.core.internal.command.DbMigrate      : Migrating schema `tech_challenge_test` to version "4 - create table itens cardapio"
2026-03-18T19:31:06.288-03:00  INFO 65859 --- [food-backend2-clean-arch] [           main] o.f.core.internal.command.DbMigrate      : Successfully applied 4 migrations to schema `tech_challenge_test`, now at version v4 (execution time 00:00.048s)
2026-03-18T19:31:06.341-03:00  INFO 65859 --- [food-backend2-clean-arch] [           main] o.hibernate.jpa.internal.util.LogHelper  : HHH000204: Processing PersistenceUnitInfo [name: default]
2026-03-18T19:31:06.385-03:00  INFO 65859 --- [food-backend2-clean-arch] [           main] org.hibernate.Version                    : HHH000412: Hibernate ORM core version 6.6.42.Final
2026-03-18T19:31:06.409-03:00  INFO 65859 --- [food-backend2-clean-arch] [           main] o.h.c.internal.RegionFactoryInitiator    : HHH000026: Second-level cache disabled
2026-03-18T19:31:06.479-03:00  INFO 65859 --- [food-backend2-clean-arch] [           main] o.s.o.j.p.SpringPersistenceUnitInfo      : No LoadTimeWeaver setup: ignoring JPA class transformer
2026-03-18T19:31:06.538-03:00  INFO 65859 --- [food-backend2-clean-arch] [           main] org.hibernate.orm.connections.pooling    : HHH10001005: Database info:
	Database JDBC URL [Connecting through datasource 'HikariDataSource (HikariPool-1)']
	Database driver: undefined/unknown
	Database version: 8.0.44
	Autocommit mode: undefined/unknown
	Isolation level: undefined/unknown
	Minimum pool size: undefined/unknown
	Maximum pool size: undefined/unknown
2026-03-18T19:31:06.981-03:00  INFO 65859 --- [food-backend2-clean-arch] [           main] o.h.e.t.j.p.i.JtaPlatformInitiator       : HHH000489: No JTA platform available (set 'hibernate.transaction.jta.platform' to enable JTA platform integration)
2026-03-18T19:31:07.007-03:00  INFO 65859 --- [food-backend2-clean-arch] [           main] j.LocalContainerEntityManagerFactoryBean : Initialized JPA EntityManagerFactory for persistence unit 'default'
2026-03-18T19:31:07.161-03:00  INFO 65859 --- [food-backend2-clean-arch] [           main] o.s.d.j.r.query.QueryEnhancerFactory     : Hibernate is in classpath; If applicable, HQL parser will be used.
2026-03-18T19:31:07.522-03:00  WARN 65859 --- [food-backend2-clean-arch] [           main] JpaBaseConfiguration$JpaWebConfiguration : spring.jpa.open-in-view is enabled by default. Therefore, database queries may be performed during view rendering. Explicitly configure spring.jpa.open-in-view to disable this warning
2026-03-18T19:31:07.695-03:00  INFO 65859 --- [food-backend2-clean-arch] [           main] o.s.b.w.embedded.tomcat.TomcatWebServer  : Tomcat started on port 61219 (http) with context path '/'
2026-03-18T19:31:07.699-03:00  INFO 65859 --- [food-backend2-clean-arch] [           main] .c.ItemCardapioControllerIntegrationTest : Started ItemCardapioControllerIntegrationTest in 2.768 seconds (process running for 14.025)
2026-03-18T19:31:07.699-03:00  WARN 65859 --- [food-backend2-clean-arch] [           main] o.s.core.events.SpringDocAppInitializer  : SpringDoc /v3/api-docs endpoint is enabled by default. To disable it in production, set the property 'springdoc.api-docs.enabled=false'
2026-03-18T19:31:07.699-03:00  WARN 65859 --- [food-backend2-clean-arch] [           main] o.s.core.events.SpringDocAppInitializer  : SpringDoc /swagger-ui.html endpoint is enabled by default. To disable it in production, set the property 'springdoc.swagger-ui.enabled=false'
2026-03-18T19:31:08.204-03:00  INFO 65859 --- [food-backend2-clean-arch] [o-auto-1-exec-1] o.a.c.c.C.[Tomcat].[localhost].[/]       : Initializing Spring DispatcherServlet 'dispatcherServlet'
2026-03-18T19:31:08.204-03:00  INFO 65859 --- [food-backend2-clean-arch] [o-auto-1-exec-1] o.s.web.servlet.DispatcherServlet        : Initializing Servlet 'dispatcherServlet'
2026-03-18T19:31:08.204-03:00  INFO 65859 --- [food-backend2-clean-arch] [o-auto-1-exec-1] o.s.web.servlet.DispatcherServlet        : Completed initialization in 0 ms
]]></system-out>
  </testcase>
  <testcase name="deveListarItensPorRestaurante" classname="com.thiagoferreira.foodbackend2cleanarch.cardapio.infra.controller.ItemCardapioControllerIntegrationTest" time="0.152"/>
  <testcase name="deveCriarItemCardapio" classname="com.thiagoferreira.foodbackend2cleanarch.cardapio.infra.controller.ItemCardapioControllerIntegrationTest" time="0.104"/>
  <testcase name="deveListarItensPorRestauranteSemCardapio" classname="com.thiagoferreira.foodbackend2cleanarch.cardapio.infra.controller.ItemCardapioControllerIntegrationTest" time="0.01"/>
  <testcase name="deveExcluirItemCardapio" classname="com.thiagoferreira.foodbackend2cleanarch.cardapio.infra.controller.ItemCardapioControllerIntegrationTest" time="0.103"/>
  <testcase name="deveAtualizarItemCardapio" classname="com.thiagoferreira.foodbackend2cleanarch.cardapio.infra.controller.ItemCardapioControllerIntegrationTest" time="0.113"/>
</testsuite>